<?xml version="1.0" encoding="UTF-8"?>
<testng-results ignored="0" total="3" passed="3" failed="0" skipped="0">
  <reporter-output>
  </reporter-output>
  <suite started-at="2019-12-05T01:59:43Z" name="Rtr" finished-at="2019-12-05T02:01:31Z" duration-ms="108581">
    <groups>
    </groups>
    <test started-at="2019-12-05T01:59:43Z" name="ui" finished-at="2019-12-05T02:01:31Z" duration-ms="108581">
      <class name="Practi.uitrwo.Prametr">
        <test-method is-config="true" signature="beforeClass(java.lang.String, java.lang.String)[pri:0, instance:Practi.uitrwo.Prametr@436a4e4b]" started-at="2019-12-05T01:59:43Z" name="beforeClass" finished-at="2019-12-05T01:59:53Z" duration-ms="10413" status="PASS">
          <params>
            <param index="0">
              <value>
                <![CDATA[chrome]]>
              </value>
            </param>
            <param index="1">
              <value>
                <![CDATA[http://www.facebook.com]]>
              </value>
            </param>
          </params>
          <reporter-output>
          </reporter-output>
        </test-method> <!-- beforeClass -->
        <test-method signature="f(java.lang.String, java.lang.String)[pri:0, instance:Practi.uitrwo.Prametr@436a4e4b]" started-at="2019-12-05T01:59:53Z" name="f" data-provider="dp" finished-at="2019-12-05T02:00:26Z" duration-ms="32546" status="PASS">
          <params>
            <param index="0">
              <value>
                <![CDATA[slem@gmail.com]]>
              </value>
            </param>
            <param index="1">
              <value>
                <![CDATA[airmed]]>
              </value>
            </param>
          </params>
          <reporter-output>
          </reporter-output>
        </test-method> <!-- f -->
        <test-method signature="f(java.lang.String, java.lang.String)[pri:0, instance:Practi.uitrwo.Prametr@436a4e4b]" started-at="2019-12-05T02:00:26Z" name="f" data-provider="dp" finished-at="2019-12-05T02:00:48Z" duration-ms="22473" status="PASS">
          <params>
            <param index="0">
              <value>
                <![CDATA[mizamur@gmail.com]]>
              </value>
            </param>
            <param index="1">
              <value>
                <![CDATA[uitrdj]]>
              </value>
            </param>
          </params>
          <reporter-output>
          </reporter-output>
        </test-method> <!-- f -->
        <test-method signature="f(java.lang.String, java.lang.String)[pri:0, instance:Practi.uitrwo.Prametr@436a4e4b]" started-at="2019-12-05T02:00:48Z" name="f" data-provider="dp" finished-at="2019-12-05T02:01:31Z" duration-ms="43112" status="PASS">
          <params>
            <param index="0">
              <value>
                <![CDATA[khalida@gmail.com]]>
              </value>
            </param>
            <param index="1">
              <value>
                <![CDATA[uitrdj]]>
              </value>
            </param>
          </params>
          <reporter-output>
          </reporter-output>
        </test-method> <!-- f -->
        <test-method is-config="true" signature="afterClass()[pri:0, instance:Practi.uitrwo.Prametr@436a4e4b]" started-at="2019-12-05T02:01:31Z" name="afterClass" finished-at="2019-12-05T02:01:31Z" duration-ms="0" status="PASS">
          <reporter-output>
          </reporter-output>
        </test-method> <!-- afterClass -->
      </class> <!-- Practi.uitrwo.Prametr -->
    </test> <!-- ui -->
  </suite> <!-- Rtr -->
</testng-results>
